<?xml version="1.0" encoding="UTF-8"?>
<!-- Generated by org.testng.reporters.JUnitReportReporter -->
<testsuite hostname="TSHYDLOFC100154" failures="0" tests="1" name="chat.automation.Template.runner.TemplateTestRunner" time="8.298" errors="0" timestamp="2024-07-16T23:12:54 IST" skipped="0">
  <testcase classname="chat.automation.Template.runner.TemplateTestRunner" name="runScenario" time="8.298"/>
</testsuite> <!-- chat.automation.Template.runner.TemplateTestRunner -->
